# Starting ChaNGa version 3.0 commit 
# /astro/users/dflemin3/changa_uw/ChaNGa -D 3 +consph -n 1 -dt 100 snapshot.param
# Running on 4 processors
# Code compiled: Nov 10 2014 16:02:48
# Preprocessor macros: CHANGESOFT COOLING_NONE HEXADECAPOLE INTERLIST_VER:2
# Key sizes: 8 bytes particle 8 bytes node
# No load balancer in use
# Parameters:
# dDelta: 100
# iMaxRung: 30
# nSteps: 1
# iStartStep: 0
# iWallRunTime: 0
# killAt: 0
# bEpsAccStep: 0
# bGravStep: 1
# dEta: 0.02
# bCannonical: 1
# bKDK: 1
# bDtAdjust: 0
# bBenchmark: 0
# iOutInterval: 68
# iLogInterval: 1000
# iCheckInterval: 90000
# iOrbitOutInterval: 1
# iBinaryOutput: 0
# bDoDensity: 0
# bDoIOrderOutput: 0
# bDoSoftOutput: 0
# bDohOutput: 0
# bDoCSound: 0
# bDoStellarLW: 1
# nSmooth: 32
# bDoGravity: 1
# dSoft: 0
# dSoftMax: 0
# bPhysicalSoft: 0
# bSoftMaxMul: 1
# dTheta: 0.7
# dTheta2: 0.7
# daSwitchTheta: 0.333333
# iOrder: 4
# bPeriodic: 0
# nReplicas: 0
# dPeriod: 1e+38
# dxPeriod: 1e+38
# dyPeriod: 1e+38
# dzPeriod: 1e+38
# bEwald: 0
# dEwCut: 2.6
# dEwhCut: 2.8
# bComove: 0
# dHubble0: 0
# dOmega0: 1
# dLambda: 0
# dOmegaRad: 0
# dOmegab: 0
# dQuintess: 0
# dRedTo: 0
# bDynGrowMass: 1
# nGrowMass: 0
# dGrowDeltaM: 0
# dGrowStartT: 0
# dGrowEndT: 1
# bDoGas: 1
# bFastGas: 1
# dFracFastGas: 0.1
# dhMinOverSoft: 0
# bViscosityLimiter: 1
# iViscosityLimiter: 1
# bGeometric: 0
# bGasAdiabatic: 0
# bGasIsothermal: 1
# bGasCooling: 0
# iGasModel: -1
# dMsolUnit: 1
# dKpcUnit: 4.84814e-09
# ddHonHLimit: 0.1
# dConstAlpha: 1
# dConstBeta: 2
# dConstGamma: 1.4
# dMeanMolWeight: 2.35
# dGasConst: 9.31342e-06
# bBulkViscosity: 0
# dMetalDiffusionCoeff: 0
# dThermalDiffusionCoeff: 0
# bConstantDiffusion: 0
# dEtaDiffusion: 0.1
# bSphStep: 1
# bViscosityLimitdt: 0
# dEtaCourant: 0.3
# dEtauDot: 0.25
# nTruncateRung: 0
# bStarForm: 0
# dOverDenMin: 20
# dPhysDenMin: 0.1
# dStarEff: 0.3333
# dInitStarMass: 0
# dMinGasMass: 0
# dMaxStarMass: 0
# dCStar: 0.05
# dTempMax: 15000
# dSoftMin: 1
# dDeltaStarForm: 1e+06
# iStarFormRung: 0
# bBHForm: 0
# dBHFormProb: 0
# dInitBHMass: 0
# bFeedBack: 0
# achIMF: Kroupa93
# iRandomSeed: 1
# iNSNIIQuantum: 0
# dESN: 1e+50
# bSmallSNSmooth: 1
# bShortCoolShutoff: 0
# dExtraCoolShutoff: 1
# dMaxGasMass: 3.40282e+38
# bSNTurnOffCooling: 1
# nSmoothFeedback: 64
# dMaxCoolShutoff: 3e+07
# dEarlyFeedbackFrac: 0
# iRandomSeed: 1
# bDoSinks: 1
# bBHSink: 0
# bSmallBHSmooth: 0
# bBHTurnOffCooling: 0
# bDoBHKick: 0
# dBHSinkEddEff: 0.1
# dBHSinkFeedbackEff: 0.05
# dBHSinkAlpha: 1
# bBHMindv: 0
# bBHAccreteAll: 1
# bDoSinksAtStart: 0
# bSinkThermal: 0
# dSinkRadius: 0.065684
# dSinkBoundOrbitRadius: 0.065684
# dSinkMustAccreteRadius: 0
# dDeltaSink: 100
# dSinkMassMin: 0.2241
# iSinkRung: 0
# bSinkForm: 0
# nJeans: 50
# dJeansConstant: 23.3246
# bSinkFormJeans: 0
# bSinkFormDivV: 0
# dSinkFormDivVCoeff: 0
# bSinkFormDivAcc: 0
# dSinkFormDivAccCoeff: 0
# bSinkFormDV: 0
# bSinkFormPotMin: 0
# dSinkFormDensity: -1
# dSinkTimeEligible: 0
# bSinkFormSimple: 0
# nSinkFormMin: 32
# bPrintBinary: 0
# bStandard: 1
# bDoublePos: 0
# bDoubleVel: 0
# bOverwrite: 1
# bParaRead: 1
# bParaWrite: 0
# nIOProcessor: 0
# achInFile: snapshot.std
# achOutName: snapshot
# dExtraStore: 0.5
# dMaxBalance: 1e+10
# dDumpFrameStep: 30
# dDumpFrameTime: -1
# iDirector: 1
# bLiveViz: 0
# bUseCkLoopPar: 0
# bStaticTest: 0
# bRandChunks: 1
# iVerbosity: 1
# bVDetails: 1
# nTreePieces: 32
# nPartPerChare: 312
# nBucket: 12
# nChunks: 1
# nYield: 5
# nCacheDepth: 4
# bPrefetch: 1
# nCacheSize: 100000000
# nDomainDecompose: 3
# dFracNoDomainDecomp: 0
# lbcommCutoffMsgs: 1
# bConcurrentSph: 1
# iInitDecompBins: 32
# iOctRefineLevel: 1
# bdoDumpLB: 0
# ilbDumpIteration: 0
# bDoSimulateLB: 0
# TimeOut: none
# time redshift TotalEVir TotalE Kinetic Virial Potential TotalECosmo Ethermal Lx Ly Lz Wallclock
1 0 -0.026943 -0.027249 0.0272706 -0.0545476 -0.0548535 0 0.000333962 -9.70946e-06 8.70924e-06 0.0819749 0.167759
